<?xml version="1.0" encoding="UTF-8"?>
<!-- Generated by org.testng.reporters.JUnitReportReporter -->
<testsuite hostname="Lenovo" failures="0" tests="2" name="TestNGXml.TestNg.CurrentAcTestClass1" time="0.004" errors="0" timestamp="2024-01-15T10:49:01 IST" skipped="0">
  <testcase classname="TestNGXml.TestNg.CurrentAcTestClass1" name="test1" time="0.001"/>
  <testcase classname="TestNGXml.TestNg.CurrentAcTestClass1" name="test2" time="0.003"/>
</testsuite> <!-- TestNGXml.TestNg.CurrentAcTestClass1 -->
