<?xml version="1.0" encoding="UTF-8"?>
<!-- Generated by org.testng.reporters.JUnitReportReporter -->
<testsuite hostname="Lenovo" failures="0" tests="2" name="TestNG_BatchTesting.LoginTest" time="0.003" errors="0" timestamp="2024-01-16T21:13:06 IST" skipped="0">
  <testcase classname="TestNG_BatchTesting.LoginTest" name="LoginByMobileNumber" time="0.002"/>
  <testcase classname="TestNG_BatchTesting.LoginTest" name="LoginByEmail" time="0.001"/>
</testsuite> <!-- TestNG_BatchTesting.LoginTest -->
