<?xml version="1.0" encoding="UTF-8"?>
<!-- Generated by org.testng.reporters.JUnitReportReporter -->
<testsuite hostname="Lenovo" failures="0" tests="2" name="TestNGXml.TestNg.TestNGExample" time="0.017" errors="0" timestamp="2024-01-15T10:26:42 IST" skipped="0">
  <testcase classname="TestNGXml.TestNg.TestNGExample" name="test1" time="0.016"/>
  <testcase classname="TestNGXml.TestNg.TestNGExample" name="test2" time="0.001"/>
</testsuite> <!-- TestNGXml.TestNg.TestNGExample -->
