<?xml version="1.0" encoding="UTF-8"?>
<!-- Generated by org.testng.reporters.JUnitReportReporter -->
<testsuite hostname="Lenovo" failures="0" tests="2" name="TestNGXml.TestNg.Loan_Depart" time="0.009" errors="0" timestamp="2024-01-15T15:15:19 IST" skipped="0">
  <testcase classname="TestNGXml.TestNg.Loan_Depart" name="MobileLoginAutomobileLoan" time="0.008"/>
  <testcase classname="TestNGXml.TestNg.Loan_Depart" name="MobileLoginPersonalLoan" time="0.001"/>
</testsuite> <!-- TestNGXml.TestNg.Loan_Depart -->
