<?xml version="1.0" encoding="UTF-8"?>
<!-- Generated by org.testng.reporters.JUnitReportReporter -->
<testsuite hostname="Lenovo" failures="0" tests="3" name="TestNg_Parameters.TestNGParameter" time="0.014" errors="0" timestamp="2024-01-15T19:16:11 IST" skipped="0">
  <testcase classname="TestNg_Parameters.TestNGParameter" name="add" time="0.011"/>
  <testcase classname="TestNg_Parameters.TestNGParameter" name="multiply" time="0.002"/>
  <testcase classname="TestNg_Parameters.TestNGParameter" name="subtraction" time="0.001"/>
</testsuite> <!-- TestNg_Parameters.TestNGParameter -->
