<?xml version="1.0" encoding="UTF-8"?>
<!-- Generated by org.testng.reporters.JUnitReportReporter -->
<testsuite hostname="Lenovo" failures="0" tests="2" name="TestNGParrallelTesting.ParallelTest2" time="9.531" errors="0" timestamp="2024-01-16T10:31:57 IST" skipped="0">
  <testcase classname="TestNGParrallelTesting.ParallelTest2" name="verifyLogin" time="5.778"/>
  <testcase classname="TestNGParrallelTesting.ParallelTest2" name="verifyLogo" time="3.753"/>
</testsuite> <!-- TestNGParrallelTesting.ParallelTest2 -->
