<?xml version="1.0" encoding="UTF-8"?>
<!-- Generated by org.testng.reporters.JUnitReportReporter -->
<testsuite hostname="Lenovo" failures="0" tests="6" name="LoanExample.Loan_Department" time="0.026" errors="0" timestamp="2024-01-15T13:34:41 IST" skipped="0">
  <testcase classname="LoanExample.Loan_Department" name="APILoginPersonalLoan" time="0.002"/>
  <testcase classname="LoanExample.Loan_Department" name="WebLoginPersonalLoan" time="0.002"/>
  <testcase classname="LoanExample.Loan_Department" name="MobileLoginPersonalLoan" time="0.001"/>
  <testcase classname="LoanExample.Loan_Department" name="MobileLoginAutomobileLoan" time="0.001"/>
  <testcase classname="LoanExample.Loan_Department" name="WebLoginAutomobileLoan" time="0.001"/>
  <testcase classname="LoanExample.Loan_Department" name="APILoginAutomobileLoan" time="0.019"/>
</testsuite> <!-- LoanExample.Loan_Department -->
