<?xml version="1.0" encoding="UTF-8"?>
<!-- Generated by org.testng.reporters.JUnitReportReporter -->
<testsuite hostname="Lenovo" failures="0" tests="2" name="TestNG_GroupAttribute.Group_Attribute" time="0.012" errors="0" timestamp="2024-01-15T18:57:23 IST" skipped="0">
  <testcase classname="TestNG_GroupAttribute.Group_Attribute" name="Maruti" time="0.011"/>
  <testcase classname="TestNG_GroupAttribute.Group_Attribute" name="tata" time="0.001"/>
</testsuite> <!-- TestNG_GroupAttribute.Group_Attribute -->
