<?xml version="1.0" encoding="UTF-8"?>
<!-- Generated by org.testng.reporters.JUnitReportReporter -->
<testsuite hostname="Lenovo" failures="0" tests="2" name="TestNG_Annotation.TestCase1" time="0.010" errors="0" timestamp="2024-01-15T16:21:31 IST" skipped="0">
  <testcase classname="TestNG_Annotation.TestCase1" name="test1" time="0.008"/>
  <testcase classname="TestNG_Annotation.TestCase1" name="test2" time="0.002"/>
</testsuite> <!-- TestNG_Annotation.TestCase1 -->
