<?xml version="1.0" encoding="UTF-8"?>
<!-- Generated by org.testng.reporters.JUnitReportReporter -->
<testsuite hostname="Lenovo" failures="0" tests="3" name="TestNGDataProvider.DataPRoviderTestNG" time="10.900" errors="0" timestamp="2024-01-15T20:28:47 IST" skipped="0">
  <testcase classname="TestNGDataProvider.DataPRoviderTestNG" name="TestCaseGoogleSearch" time="4.216"/>
  <testcase classname="TestNGDataProvider.DataPRoviderTestNG" name="TestCaseGoogleSearch" time="3.436"/>
  <testcase classname="TestNGDataProvider.DataPRoviderTestNG" name="TestCaseGoogleSearch" time="3.248"/>
</testsuite> <!-- TestNGDataProvider.DataPRoviderTestNG -->
