<?xml version="1.0" encoding="UTF-8"?>
<!-- Generated by org.testng.reporters.JUnitReportReporter -->
<testsuite hostname="Lenovo" failures="0" tests="2" name="TestNGXml.TestNg.CurrentAcTestClass2" time="0.018" errors="0" timestamp="2024-01-15T10:49:01 IST" skipped="0">
  <testcase classname="TestNGXml.TestNg.CurrentAcTestClass2" name="test1" time="0.017"/>
  <testcase classname="TestNGXml.TestNg.CurrentAcTestClass2" name="test2" time="0.001"/>
</testsuite> <!-- TestNGXml.TestNg.CurrentAcTestClass2 -->
