<?xml version="1.0" encoding="UTF-8"?>
<!-- Generated by org.testng.reporters.JUnitReportReporter -->
<testsuite hostname="Lenovo" failures="0" tests="3" name="TestNG_BatchTesting.ProductPageTest" time="0.003" errors="0" timestamp="2024-01-16T21:13:06 IST" skipped="0">
  <testcase classname="TestNG_BatchTesting.ProductPageTest" name="AddProductToCart" time="0.001"/>
  <testcase classname="TestNG_BatchTesting.ProductPageTest" name="SelectQuantity" time="0.001"/>
  <testcase classname="TestNG_BatchTesting.ProductPageTest" name="AddProductToWishList" time="0.001"/>
</testsuite> <!-- TestNG_BatchTesting.ProductPageTest -->
