<?xml version="1.0" encoding="UTF-8"?>
<!-- Generated by org.testng.reporters.JUnitReportReporter -->
<testsuite hostname="Lenovo" failures="0" tests="2" name="TestNg_Parameters.TestNGParameterGoogleSearch" time="7.543" errors="0" timestamp="2024-01-16T15:50:13 IST" skipped="0">
  <testcase classname="TestNg_Parameters.TestNGParameterGoogleSearch" name="googleSeach" time="4.247"/>
  <testcase classname="TestNg_Parameters.TestNGParameterGoogleSearch" name="googleSeach" time="3.296"/>
</testsuite> <!-- TestNg_Parameters.TestNGParameterGoogleSearch -->
