<?xml version="1.0" encoding="UTF-8"?>
<!-- Generated by org.testng.reporters.JUnitReportReporter -->
<testsuite hostname="Lenovo" failures="0" tests="3" name="TestNG_BatchTesting.HomeDcreenTest" time="0.010" errors="0" timestamp="2024-01-16T21:13:06 IST" skipped="0">
  <testcase classname="TestNG_BatchTesting.HomeDcreenTest" name="LaunchApllication" time="0.008"/>
  <testcase classname="TestNG_BatchTesting.HomeDcreenTest" name="VerifyTitle" time="0.001"/>
  <testcase classname="TestNG_BatchTesting.HomeDcreenTest" name="VerifyLogo" time="0.001"/>
</testsuite> <!-- TestNG_BatchTesting.HomeDcreenTest -->
