<?xml version="1.0" encoding="UTF-8"?>
<!-- Generated by org.testng.reporters.JUnitReportReporter -->
<testsuite hostname="Lenovo" failures="0" tests="8" name="TestNG_InvocationCount.RunMultiple_WithoutLoop" time="0.013" errors="0" timestamp="2024-01-17T13:23:21 IST" skipped="0">
  <testcase classname="TestNG_InvocationCount.RunMultiple_WithoutLoop" name="testMethod1" time="0.001"/>
  <testcase classname="TestNG_InvocationCount.RunMultiple_WithoutLoop" name="testMethod1" time="0.001"/>
  <testcase classname="TestNG_InvocationCount.RunMultiple_WithoutLoop" name="testMethod1" time="0.001"/>
  <testcase classname="TestNG_InvocationCount.RunMultiple_WithoutLoop" name="testMethod1" time="0.000"/>
  <testcase classname="TestNG_InvocationCount.RunMultiple_WithoutLoop" name="testMethod2" time="0.002"/>
  <testcase classname="TestNG_InvocationCount.RunMultiple_WithoutLoop" name="testMethod1" time="0.006"/>
  <testcase classname="TestNG_InvocationCount.RunMultiple_WithoutLoop" name="testMethod2" time="0.001"/>
  <testcase classname="TestNG_InvocationCount.RunMultiple_WithoutLoop" name="testMethod2" time="0.001"/>
</testsuite> <!-- TestNG_InvocationCount.RunMultiple_WithoutLoop -->
