<?xml version="1.0" encoding="UTF-8"?>
<!-- Generated by org.testng.reporters.JUnitReportReporter -->
<testsuite hostname="Lenovo" failures="0" tests="1" name="TestNg_Parameters.SoftwareCompany" time="0.009" errors="0" timestamp="2024-01-15T19:27:02 IST" skipped="0">
  <testcase classname="TestNg_Parameters.SoftwareCompany" name="testCase2" time="0.009"/>
</testsuite> <!-- TestNg_Parameters.SoftwareCompany -->
