<?xml version="1.0" encoding="UTF-8"?>
<!-- Generated by org.testng.reporters.JUnitReportReporter -->
<testsuite hostname="Lenovo" failures="0" tests="1" name="TestNg_Parameters.AutoMobileClass" time="0.002" errors="0" timestamp="2024-01-15T19:27:02 IST" skipped="0">
  <testcase classname="TestNg_Parameters.AutoMobileClass" name="testCase1" time="0.002"/>
</testsuite> <!-- TestNg_Parameters.AutoMobileClass -->
